Using pre-set license
Built from '6000.0/staging' branch; Version is '6000.0.38f1 (82314a941f2d) revision 8532298'; Using compiler version '193933523'; Build Type 'Release'
OS: 'Windows 11  (10.0.26100) 64bit Professional' Language: 'es' Physical Memory: 32609 MB
BatchMode: 1, IsHumanControllingUs: 0, StartBugReporterOnCrash: 0, Is64bit: 1, IsPro: 1

COMMAND LINE ARGUMENTS:
C:\Program Files\Unity\Hub\Editor\6000.0.38f1\Editor\Unity.exe
-adb2
-batchMode
-noUpm
-name
AssetImportWorker3
-projectPath
C:/Users/masen/Documents/GitHub/GlitchLab-Jam-2025/JAM_MarioAsenjo
-logFile
Logs/AssetImportWorker3.log
-srvPort
60937
-job-worker-count
7
-background-job-worker-count
8
-gc-helper-count
1
Successfully changed project path to: C:/Users/masen/Documents/GitHub/GlitchLab-Jam-2025/JAM_MarioAsenjo
C:/Users/masen/Documents/GitHub/GlitchLab-Jam-2025/JAM_MarioAsenjo
[UnityMemory] Configuration Parameters - Can be set up in boot.config
    "memorysetup-bucket-allocator-granularity=16"
    "memorysetup-bucket-allocator-bucket-count=8"
    "memorysetup-bucket-allocator-block-size=33554432"
    "memorysetup-bucket-allocator-block-count=8"
    "memorysetup-main-allocator-block-size=16777216"
    "memorysetup-thread-allocator-block-size=16777216"
    "memorysetup-gfx-main-allocator-block-size=16777216"
    "memorysetup-gfx-thread-allocator-block-size=16777216"
    "memorysetup-cache-allocator-block-size=4194304"
    "memorysetup-typetree-allocator-block-size=2097152"
    "memorysetup-profiler-bucket-allocator-granularity=16"
    "memorysetup-profiler-bucket-allocator-bucket-count=8"
    "memorysetup-profiler-bucket-allocator-block-size=33554432"
    "memorysetup-profiler-bucket-allocator-block-count=8"
    "memorysetup-profiler-allocator-block-size=16777216"
    "memorysetup-profiler-editor-allocator-block-size=1048576"
    "memorysetup-temp-allocator-size-main=16777216"
    "memorysetup-job-temp-allocator-block-size=2097152"
    "memorysetup-job-temp-allocator-block-size-background=1048576"
    "memorysetup-job-temp-allocator-reduction-small-platforms=262144"
    "memorysetup-allocator-temp-initial-block-size-main=262144"
    "memorysetup-allocator-temp-initial-block-size-worker=262144"
    "memorysetup-temp-allocator-size-background-worker=32768"
    "memorysetup-temp-allocator-size-job-worker=262144"
    "memorysetup-temp-allocator-size-preload-manager=33554432"
    "memorysetup-temp-allocator-size-nav-mesh-worker=65536"
    "memorysetup-temp-allocator-size-audio-worker=65536"
    "memorysetup-temp-allocator-size-cloud-worker=32768"
    "memorysetup-temp-allocator-size-gi-baking-worker=262144"
    "memorysetup-temp-allocator-size-gi-baking-worker=262144"
    "memorysetup-temp-allocator-size-gi-baking-worker=262144"
    "memorysetup-temp-allocator-size-gi-baking-worker=262144"
    "memorysetup-temp-allocator-size-gi-baking-worker=262144"
    "memorysetup-temp-allocator-size-gfx=262144"
Player connection [43960]  Target information:

Player connection [43960]  * "[IP] 192.168.100.202 [Port] 0 [Flags] 2 [Guid] 2974519003 [EditorId] 2974519003 [Version] 1048832 [Id] WindowsEditor(7,DESKTOP-JP2436Q) [Debug] 1 [PackageName] WindowsEditor [ProjectName] Editor" 

Player connection [43960]  * "[IP] 192.168.176.1 [Port] 0 [Flags] 2 [Guid] 2974519003 [EditorId] 2974519003 [Version] 1048832 [Id] WindowsEditor(7,DESKTOP-JP2436Q) [Debug] 1 [PackageName] WindowsEditor [ProjectName] Editor" 

Player connection [43960]  * "[IP] 192.168.44.1 [Port] 0 [Flags] 2 [Guid] 2974519003 [EditorId] 2974519003 [Version] 1048832 [Id] WindowsEditor(7,DESKTOP-JP2436Q) [Debug] 1 [PackageName] WindowsEditor [ProjectName] Editor" 

Player connection [43960] Host joined multi-casting on [225.0.0.222:54997]...
Player connection [43960] Host joined alternative multi-casting on [225.0.0.222:34997]...
JobSystem: Creating JobQueue using job-worker-count value 7
Input System module state changed to: Initialized.
[Physics::Module] Initialized fallback backend.
[Physics::Module] Id: 0xdecafbad
Library Redirect Path: Library/
[Physics::Module] Selected backend.
[Physics::Module] Name: PhysX
[Physics::Module] Id: 0xf2b8ea05
[Physics::Module] SDK Version: 4.1.2
[Physics::Module] Integration Version: 1.0.0
[Physics::Module] Threading Mode: Multi-Threaded
Refreshing native plugins compatible for Editor in 2.44 ms, found 3 plugins.
Preloading 0 native plugins for Editor in 0.00 ms.
Initialize engine version: 6000.0.38f1 (82314a941f2d)
[Subsystems] Discovering subsystems at path C:/Program Files/Unity/Hub/Editor/6000.0.38f1/Editor/Data/Resources/UnitySubsystems
[Subsystems] Discovering subsystems at path C:/Users/masen/Documents/GitHub/GlitchLab-Jam-2025/JAM_MarioAsenjo/Assets
GfxDevice: creating device client; kGfxThreadingModeNonThreaded
Direct3D:
    Version:  Direct3D 11.0 [level 11.1]
    Renderer: NVIDIA GeForce RTX 3060 (ID=0x2504)
    Vendor:   NVIDIA
    VRAM:     12115 MB
    Driver:   32.0.15.6094
Initialize mono
Mono path[0] = 'C:/Program Files/Unity/Hub/Editor/6000.0.38f1/Editor/Data/Managed'
Mono path[1] = 'C:/Program Files/Unity/Hub/Editor/6000.0.38f1/Editor/Data/MonoBleedingEdge/lib/mono/unityjit-win32'
Mono config path = 'C:/Program Files/Unity/Hub/Editor/6000.0.38f1/Editor/Data/MonoBleedingEdge/etc'
Using monoOptions --debugger-agent=transport=dt_socket,embedding=1,server=y,suspend=n,address=127.0.0.1:56284
Begin MonoManager ReloadAssembly
Registering precompiled unity dll's ...
Register platform support module: C:/Program Files/Unity/Hub/Editor/6000.0.38f1/Editor/Data/PlaybackEngines/WebGLSupport/UnityEditor.WebGL.Extensions.dll
Register platform support module: C:/Program Files/Unity/Hub/Editor/6000.0.38f1/Editor/Data/PlaybackEngines/WindowsStandaloneSupport/UnityEditor.WindowsStandalone.Extensions.dll
Registered in 0.007400 seconds.
- Loaded All Assemblies, in  0.490 seconds
Native extension for WindowsStandalone target not found
Native extension for WebGL target not found
Mono: successfully reloaded assembly
- Finished resetting the current domain, in  0.370 seconds
Domain Reload Profiling: 857ms
	BeginReloadAssembly (194ms)
		ExecutionOrderSort (0ms)
		DisableScriptedObjects (0ms)
		BackupInstance (0ms)
		ReleaseScriptingObjects (0ms)
		CreateAndSetChildDomain (2ms)
	RebuildCommonClasses (39ms)
	RebuildNativeTypeToScriptingClass (13ms)
	initialDomainReloadingComplete (67ms)
	LoadAllAssembliesAndSetupDomain (172ms)
		LoadAssemblies (187ms)
		RebuildTransferFunctionScriptingTraits (0ms)
		AnalyzeDomain (169ms)
			TypeCache.Refresh (167ms)
				TypeCache.ScanAssembly (148ms)
			BuildScriptInfoCaches (0ms)
			ResolveRequiredComponents (1ms)
	FinalizeReload (371ms)
		ReleaseScriptCaches (0ms)
		RebuildScriptCaches (0ms)
		SetupLoadedEditorAssemblies (335ms)
			LogAssemblyErrors (0ms)
			InitializePlatformSupportModulesInManaged (30ms)
			SetLoadedEditorAssemblies (6ms)
			BeforeProcessingInitializeOnLoad (58ms)
			ProcessInitializeOnLoadAttributes (174ms)
			ProcessInitializeOnLoadMethodAttributes (67ms)
			AfterProcessingInitializeOnLoad (0ms)
			EditorAssembliesLoaded (0ms)
		ExecutionOrderSort2 (0ms)
		AwakeInstancesAfterBackupRestoration (0ms)
========================================================================
Worker process is ready to serve import requests
Import Worker Mode flag is 0x00
Begin MonoManager ReloadAssembly
- Loaded All Assemblies, in  0.816 seconds
Refreshing native plugins compatible for Editor in 1.90 ms, found 3 plugins.
Native extension for WindowsStandalone target not found
Native extension for WebGL target not found
System.Exception: Error! Visual Scripting: couldn't find visual scripting package
  at Unity.VisualScripting.PackageVersionUtility.get_version () [0x00043] in .\Library\PackageCache\com.unity.visualscripting@b4d700247d4b\Editor\VisualScripting.Core\Utilities\PackageVersionUtility.cs:31 
  at Unity.VisualScripting.BoltCoreManifest.get_version () [0x00000] in .\Library\PackageCache\com.unity.visualscripting@b4d700247d4b\Editor\VisualScripting.Core\Plugin\BoltCoreManifest.cs:11 
  at Unity.VisualScripting.PluginManifest.get_currentVersion () [0x00000] in .\Library\PackageCache\com.unity.visualscripting@b4d700247d4b\Editor\VisualScripting.Core\Plugins\PluginManifest.cs:33 
  at Unity.VisualScripting.PluginManifest.get_versionMismatch () [0x00000] in .\Library\PackageCache\com.unity.visualscripting@b4d700247d4b\Editor\VisualScripting.Core\Plugins\PluginManifest.cs:48 
  at Unity.VisualScripting.PluginContainer.Initialize () [0x00525] in .\Library\PackageCache\com.unity.visualscripting@b4d700247d4b\Editor\VisualScripting.Core\Plugins\PluginContainer.cs:208 
  at Unity.VisualScripting.PluginContainer.InitializeOnLoad () [0x00009] in .\Library\PackageCache\com.unity.visualscripting@b4d700247d4b\Editor\VisualScripting.Core\Plugins\PluginContainer.cs:32 
  at Unity.VisualScripting.VSUsageUtility.DoInitializeOnLoadCalls () [0x00034] in .\Library\PackageCache\com.unity.visualscripting@b4d700247d4b\Editor\VisualScripting.Core\Utilities\VSUsageUtility.cs:76 
  at Unity.VisualScripting.VSUsageUtility.set_isVisualScriptingUsed (System.Boolean value) [0x0002c] in .\Library\PackageCache\com.unity.visualscripting@b4d700247d4b\Editor\VisualScripting.Core\Utilities\VSUsageUtility.cs:114 
  at Unity.VisualScripting.VSUsageUtility.CheckAndSetIsVisualScriptingUsed () [0x00032] in .\Library\PackageCache\com.unity.visualscripting@b4d700247d4b\Editor\VisualScripting.Core\Utilities\VSUsageUtility.cs:48 
  at Unity.VisualScripting.VSUsageUtility..cctor () [0x00000] in .\Library\PackageCache\com.unity.visualscripting@b4d700247d4b\Editor\VisualScripting.Core\Utilities\VSUsageUtility.cs:22 
UnityEngine.Debug:ExtractStackTraceNoAlloc (byte*,int,string)
UnityEngine.StackTraceUtility:ExtractStackTrace ()
UnityEngine.DebugLogHandler:Internal_Log (UnityEngine.LogType,UnityEngine.LogOption,string,UnityEngine.Object)
UnityEngine.DebugLogHandler:LogFormat (UnityEngine.LogType,UnityEngine.Object,string,object[])
UnityEngine.Logger:Log (UnityEngine.LogType,object)
UnityEngine.Debug:LogError (object)
UnityEditor.EditorAssemblies:ProcessInitializeOnLoadAttributes (System.Type[])

Mono: successfully reloaded assembly
- Finished resetting the current domain, in  1.145 seconds
Domain Reload Profiling: 1955ms
	BeginReloadAssembly (192ms)
		ExecutionOrderSort (0ms)
		DisableScriptedObjects (6ms)
		BackupInstance (0ms)
		ReleaseScriptingObjects (0ms)
		CreateAndSetChildDomain (33ms)
	RebuildCommonClasses (56ms)
	RebuildNativeTypeToScriptingClass (11ms)
	initialDomainReloadingComplete (42ms)
	LoadAllAssembliesAndSetupDomain (508ms)
		LoadAssemblies (424ms)
		RebuildTransferFunctionScriptingTraits (0ms)
		AnalyzeDomain (203ms)
			TypeCache.Refresh (164ms)
				TypeCache.ScanAssembly (144ms)
			BuildScriptInfoCaches (30ms)
			ResolveRequiredComponents (4ms)
	FinalizeReload (1146ms)
		ReleaseScriptCaches (0ms)
		RebuildScriptCaches (0ms)
		SetupLoadedEditorAssemblies (990ms)
			LogAssemblyErrors (0ms)
			InitializePlatformSupportModulesInManaged (3ms)
			SetLoadedEditorAssemblies (4ms)
			BeforeProcessingInitializeOnLoad (96ms)
			ProcessInitializeOnLoadAttributes (854ms)
			ProcessInitializeOnLoadMethodAttributes (24ms)
			AfterProcessingInitializeOnLoad (8ms)
			EditorAssembliesLoaded (0ms)
		ExecutionOrderSort2 (0ms)
		AwakeInstancesAfterBackupRestoration (9ms)
Launched and connected shader compiler UnityShaderCompiler.exe after 0.03 seconds
Refreshing native plugins compatible for Editor in 2.26 ms, found 3 plugins.
Preloading 0 native plugins for Editor in 0.00 ms.
Unloading 8 Unused Serialized files (Serialized files now loaded: 0)
Unloading 3706 unused Assets / (1.2 MB). Loaded Objects now: 4210.
Memory consumption went from 92.7 MB to 91.4 MB.
Total: 30.626900 ms (FindLiveObjects: 0.931800 ms CreateObjectMapping: 0.656800 ms MarkObjects: 24.458700 ms  DeleteObjects: 4.575500 ms)

========================================================================
Received Import Request.
  Time since last request: 155671.876589 seconds.
  path: Assets/PolyAngel-Mini Pirates Island/Prefabs/Ship(Blue)01.prefab
  artifactKey: Guid(5179fd597ba994f25944443e397b7357) Importer(2089858483,192608db42251d675da83286b1cce702)
Start importing Assets/PolyAngel-Mini Pirates Island/Prefabs/Ship(Blue)01.prefab using Guid(5179fd597ba994f25944443e397b7357) Importer(2089858483,192608db42251d675da83286b1cce702) (ScriptedImporter) -> (artifact id: 'b2786eb34b4106688c4507091ed45451') in 0.2260834 seconds
Number of updated asset objects reloaded before import = 0Number of asset objects unloaded after import = 8

========================================================================
Received Import Request.
  Time since last request: 0.000029 seconds.
  path: Assets/PolyAngel-Mini Pirates Island/Models/Ship(Red)03.fbx
  artifactKey: Guid(75defad88d21b4c79808c4238db867cb) Importer(2089858483,192608db42251d675da83286b1cce702)
Start importing Assets/PolyAngel-Mini Pirates Island/Models/Ship(Red)03.fbx using Guid(75defad88d21b4c79808c4238db867cb) Importer(2089858483,192608db42251d675da83286b1cce702) (ScriptedImporter) -> (artifact id: 'd04fe42f672d16ef352a20dce3a81ccb') in 0.054479 seconds
Number of updated asset objects reloaded before import = 0Number of asset objects unloaded after import = 7

========================================================================
Received Import Request.
  Time since last request: 0.000034 seconds.
  path: Assets/FBX Kenney - Mini Dungeon/column.fbx
  artifactKey: Guid(eee43f2ba961dd44d8aa8d38af270fe0) Importer(2089858483,192608db42251d675da83286b1cce702)
Start importing Assets/FBX Kenney - Mini Dungeon/column.fbx using Guid(eee43f2ba961dd44d8aa8d38af270fe0) Importer(2089858483,192608db42251d675da83286b1cce702) (ScriptedImporter) -> (artifact id: 'cf4cea99c8fa19258f47f3009fe1190a') in 0.0572388 seconds
Number of updated asset objects reloaded before import = 0Number of asset objects unloaded after import = 8

========================================================================
Received Import Request.
  Time since last request: 0.000026 seconds.
  path: Assets/PolyAngel-Mini Pirates Island/Models/Anchor.fbx
  artifactKey: Guid(0100267d95f3a41fd88e781cc9451d0d) Importer(2089858483,192608db42251d675da83286b1cce702)
Start importing Assets/PolyAngel-Mini Pirates Island/Models/Anchor.fbx using Guid(0100267d95f3a41fd88e781cc9451d0d) Importer(2089858483,192608db42251d675da83286b1cce702) (ScriptedImporter) -> (artifact id: '209af213cb1389319db73ca4d7ca9be5') in 0.0410452 seconds
Number of updated asset objects reloaded before import = 0Number of asset objects unloaded after import = 7

========================================================================
Received Import Request.
  Time since last request: 0.000041 seconds.
  path: Assets/Metal.mat
  artifactKey: Guid(2abae6215f6469346a9e176b800ad7b9) Importer(2089858483,192608db42251d675da83286b1cce702)
Start importing Assets/Metal.mat using Guid(2abae6215f6469346a9e176b800ad7b9) Importer(2089858483,192608db42251d675da83286b1cce702) (ScriptedImporter) -> (artifact id: '9cb074019a2443e7279916691015e893') in 0.064185 seconds
Number of updated asset objects reloaded before import = 0Number of asset objects unloaded after import = 1

========================================================================
Received Import Request.
  Time since last request: 0.000065 seconds.
  path: Assets/PolyAngel-Mini Pirates Island/Prefabs/Ship(Whiite)01.prefab
  artifactKey: Guid(d4aa8fcef5d1b487ca2cb51a488e4f44) Importer(2089858483,192608db42251d675da83286b1cce702)
Start importing Assets/PolyAngel-Mini Pirates Island/Prefabs/Ship(Whiite)01.prefab using Guid(d4aa8fcef5d1b487ca2cb51a488e4f44) Importer(2089858483,192608db42251d675da83286b1cce702) (ScriptedImporter) -> (artifact id: '57b158a1040a0a11634cdeedc8994d32') in 0.0728717 seconds
Number of updated asset objects reloaded before import = 0Number of asset objects unloaded after import = 8

========================================================================
Received Import Request.
  Time since last request: 0.000065 seconds.
  path: Assets/PolyAngel-Mini Pirates Island/Prefabs/Ship(Black)03.prefab
  artifactKey: Guid(ca72e018a1d134822a3bba34d4e955d1) Importer(2089858483,192608db42251d675da83286b1cce702)
Start importing Assets/PolyAngel-Mini Pirates Island/Prefabs/Ship(Black)03.prefab using Guid(ca72e018a1d134822a3bba34d4e955d1) Importer(2089858483,192608db42251d675da83286b1cce702) (ScriptedImporter) -> (artifact id: 'e4b038a73be271ce695db4e148ea9ab8') in 0.0674632 seconds
Number of updated asset objects reloaded before import = 0Number of asset objects unloaded after import = 8

========================================================================
Received Import Request.
  Time since last request: 0.000040 seconds.
  path: Assets/FBX Kenney - Mini Dungeon/floor-detail.fbx
  artifactKey: Guid(71cbb9f6c4aae1649a6733cf9a6031ef) Importer(2089858483,192608db42251d675da83286b1cce702)
Start importing Assets/FBX Kenney - Mini Dungeon/floor-detail.fbx using Guid(71cbb9f6c4aae1649a6733cf9a6031ef) Importer(2089858483,192608db42251d675da83286b1cce702) (ScriptedImporter) -> (artifact id: '3d4874b9940e94b3560881db107e0e07') in 0.0391355 seconds
Number of updated asset objects reloaded before import = 0Number of asset objects unloaded after import = 8

========================================================================
Received Import Request.
  Time since last request: 0.000024 seconds.
  path: Assets/PolyAngel-Mini Pirates Island/Prefabs/Break Ship.prefab
  artifactKey: Guid(0f95aba98c07f443c833c5483fbc4c1c) Importer(2089858483,192608db42251d675da83286b1cce702)
Start importing Assets/PolyAngel-Mini Pirates Island/Prefabs/Break Ship.prefab using Guid(0f95aba98c07f443c833c5483fbc4c1c) Importer(2089858483,192608db42251d675da83286b1cce702) (ScriptedImporter) -> (artifact id: '0a794c1ba389efe40e55158419a312a1') in 0.0572418 seconds
Number of updated asset objects reloaded before import = 0Number of asset objects unloaded after import = 14

========================================================================
Received Import Request.
  Time since last request: 0.000028 seconds.
  path: Assets/FBX Kenney - Mini Dungeon/floor.fbx
  artifactKey: Guid(c87fb9da782ef26418d1801c24cdba26) Importer(2089858483,192608db42251d675da83286b1cce702)
Start importing Assets/FBX Kenney - Mini Dungeon/floor.fbx using Guid(c87fb9da782ef26418d1801c24cdba26) Importer(2089858483,192608db42251d675da83286b1cce702) (ScriptedImporter) -> (artifact id: '6d1c7fe321dcde0eca2308cea5cd43ee') in 0.046368 seconds
Number of updated asset objects reloaded before import = 0Number of asset objects unloaded after import = 8

========================================================================
Received Import Request.
  Time since last request: 0.000034 seconds.
  path: Assets/PolyAngel-Mini Pirates Island/Prefabs/Anchor.prefab
  artifactKey: Guid(af65fc78ebf294271a5c11dffbde5463) Importer(2089858483,192608db42251d675da83286b1cce702)
Start importing Assets/PolyAngel-Mini Pirates Island/Prefabs/Anchor.prefab using Guid(af65fc78ebf294271a5c11dffbde5463) Importer(2089858483,192608db42251d675da83286b1cce702) (ScriptedImporter) -> (artifact id: '15f7815bc4fd8049173a8cd3fbcfaba6') in 0.0454592 seconds
Number of updated asset objects reloaded before import = 0Number of asset objects unloaded after import = 8

========================================================================
Received Import Request.
  Time since last request: 0.000026 seconds.
  path: Assets/PolyAngel-Mini Pirates Island/Textures/Mini Pirates Island.png
  artifactKey: Guid(cd211387816a14feca1bba50b77fb97e) Importer(2089858483,192608db42251d675da83286b1cce702)
Start importing Assets/PolyAngel-Mini Pirates Island/Textures/Mini Pirates Island.png using Guid(cd211387816a14feca1bba50b77fb97e) Importer(2089858483,192608db42251d675da83286b1cce702) (ScriptedImporter) -> (artifact id: 'dfbf8f35aa9a0b5be97caadf86ae6c37') in 0.0553473 seconds
Number of updated asset objects reloaded before import = 0Number of asset objects unloaded after import = 1

========================================================================
Received Import Request.
  Time since last request: 0.000094 seconds.
  path: Assets/FBX Kenney - Mini Dungeon/wall-narrow.fbx
  artifactKey: Guid(2e0cf31b53746c54fad847ee76cd1f58) Importer(2089858483,192608db42251d675da83286b1cce702)
Start importing Assets/FBX Kenney - Mini Dungeon/wall-narrow.fbx using Guid(2e0cf31b53746c54fad847ee76cd1f58) Importer(2089858483,192608db42251d675da83286b1cce702) (ScriptedImporter) -> (artifact id: '6b63dc0692cd44fd094924e597eda2eb') in 0.043069 seconds
Number of updated asset objects reloaded before import = 0Number of asset objects unloaded after import = 8

========================================================================
Received Import Request.
  Time since last request: 0.000035 seconds.
  path: Assets/PolyAngel-Mini Pirates Island/Prefabs/Ship(Black)01.prefab
  artifactKey: Guid(a52cb6859b7974b34a1e04efcbb2a665) Importer(2089858483,192608db42251d675da83286b1cce702)
Start importing Assets/PolyAngel-Mini Pirates Island/Prefabs/Ship(Black)01.prefab using Guid(a52cb6859b7974b34a1e04efcbb2a665) Importer(2089858483,192608db42251d675da83286b1cce702) (ScriptedImporter) -> (artifact id: '3ce2141785d43371d1fe075b8d12da2d') in 0.067049 seconds
Number of updated asset objects reloaded before import = 0Number of asset objects unloaded after import = 8

========================================================================
Received Import Request.
  Time since last request: 0.000033 seconds.
  path: Assets/PolyAngel-Mini Pirates Island/Models/Break Ship.fbx
  artifactKey: Guid(b71ead52cb89f40c28e9495fd5ee0cbd) Importer(2089858483,192608db42251d675da83286b1cce702)
Start importing Assets/PolyAngel-Mini Pirates Island/Models/Break Ship.fbx using Guid(b71ead52cb89f40c28e9495fd5ee0cbd) Importer(2089858483,192608db42251d675da83286b1cce702) (ScriptedImporter) -> (artifact id: '82ce047005b538a5d55c344606563193') in 0.0436927 seconds
Number of updated asset objects reloaded before import = 0Number of asset objects unloaded after import = 14

========================================================================
Received Import Request.
  Time since last request: 0.000027 seconds.
  path: Assets/SPUC/SP Units/Common Units/Tag Filter.asset
  artifactKey: Guid(cb67734ed8be5654199faff3ee909fa1) Importer(2089858483,192608db42251d675da83286b1cce702)
Start importing Assets/SPUC/SP Units/Common Units/Tag Filter.asset using Guid(cb67734ed8be5654199faff3ee909fa1) Importer(2089858483,192608db42251d675da83286b1cce702) (ScriptedImporter) -> (artifact id: 'c383c5ea17f1c3427ba64eea29a7c824') in 0.6148913 seconds
Number of updated asset objects reloaded before import = 0Number of asset objects unloaded after import = 1

========================================================================
Received Import Request.
  Time since last request: 0.000083 seconds.
  path: Assets/SPUC/SP Units/Restart Scene.asset
  artifactKey: Guid(b8b9f63b510f7a047b14e4916a6a4e04) Importer(2089858483,192608db42251d675da83286b1cce702)
Start importing Assets/SPUC/SP Units/Restart Scene.asset using Guid(b8b9f63b510f7a047b14e4916a6a4e04) Importer(2089858483,192608db42251d675da83286b1cce702) (ScriptedImporter) -> (artifact id: '2984a75e6e521213b1fbf180fa8166a4') in 0.8474563 seconds
Number of updated asset objects reloaded before import = 0Number of asset objects unloaded after import = 2

========================================================================
Received Import Request.
  Time since last request: 0.000047 seconds.
  path: Assets/PolyAngel-Mini Pirates Island/Materials/Ground.mat
  artifactKey: Guid(10067942a7ae04f84836f59e1445999d) Importer(2089858483,192608db42251d675da83286b1cce702)
Start importing Assets/PolyAngel-Mini Pirates Island/Materials/Ground.mat using Guid(10067942a7ae04f84836f59e1445999d) Importer(2089858483,192608db42251d675da83286b1cce702) (ScriptedImporter) -> (artifact id: '1749c9e654004f39273a8d8e0e0ad0ce') in 0.0656983 seconds
Number of updated asset objects reloaded before import = 0Number of asset objects unloaded after import = 2

========================================================================
Received Import Request.
  Time since last request: 0.000068 seconds.
  path: Assets/PolyAngel-Mini Pirates Island/Models/Barrals.fbx
  artifactKey: Guid(05c87a63741664e3aadc7a6595160a50) Importer(2089858483,192608db42251d675da83286b1cce702)
Start importing Assets/PolyAngel-Mini Pirates Island/Models/Barrals.fbx using Guid(05c87a63741664e3aadc7a6595160a50) Importer(2089858483,192608db42251d675da83286b1cce702) (ScriptedImporter) -> (artifact id: '46d1270672ed70d28d5a51b7a29b90ed') in 0.0531342 seconds
Number of updated asset objects reloaded before import = 0Number of asset objects unloaded after import = 7

========================================================================
Received Import Request.
  Time since last request: 0.000031 seconds.
  path: Assets/PolyAngel-Mini Pirates Island/Prefabs/Ship(Black)02.prefab
  artifactKey: Guid(04b02631dc5604aaa875821f7d6393bd) Importer(2089858483,192608db42251d675da83286b1cce702)
Start importing Assets/PolyAngel-Mini Pirates Island/Prefabs/Ship(Black)02.prefab using Guid(04b02631dc5604aaa875821f7d6393bd) Importer(2089858483,192608db42251d675da83286b1cce702) (ScriptedImporter) -> (artifact id: '92a47b629939e9e5c1b4e0447f33086a') in 0.074289 seconds
Number of updated asset objects reloaded before import = 0Number of asset objects unloaded after import = 8

========================================================================
Received Import Request.
  Time since last request: 0.000032 seconds.
  path: Assets/PolyAngel-Mini Pirates Island/Prefabs/Ship(Whiite)02.prefab
  artifactKey: Guid(24663ab745b684d70b33a3c6718ae623) Importer(2089858483,192608db42251d675da83286b1cce702)
Start importing Assets/PolyAngel-Mini Pirates Island/Prefabs/Ship(Whiite)02.prefab using Guid(24663ab745b684d70b33a3c6718ae623) Importer(2089858483,192608db42251d675da83286b1cce702) (ScriptedImporter) -> (artifact id: 'c3903ecfff448900016324adcee99e95') in 0.0601614 seconds
Number of updated asset objects reloaded before import = 0Number of asset objects unloaded after import = 8

========================================================================
Received Import Request.
  Time since last request: 0.000026 seconds.
  path: Assets/FBX Kenney - Mini Dungeon/coin.fbx
  artifactKey: Guid(f166047b990805b4cade89a33dd99f9d) Importer(2089858483,192608db42251d675da83286b1cce702)
Start importing Assets/FBX Kenney - Mini Dungeon/coin.fbx using Guid(f166047b990805b4cade89a33dd99f9d) Importer(2089858483,192608db42251d675da83286b1cce702) (ScriptedImporter) -> (artifact id: '3de21566a1c97eb93ed7fd2b4ff50996') in 0.032327 seconds
Number of updated asset objects reloaded before import = 0Number of asset objects unloaded after import = 8

========================================================================
Received Import Request.
  Time since last request: 0.000034 seconds.
  path: Assets/PolyAngel-Mini Pirates Island/Models/Boat.fbx
  artifactKey: Guid(207737a4c1edb4b45be34869124f04ef) Importer(2089858483,192608db42251d675da83286b1cce702)
Start importing Assets/PolyAngel-Mini Pirates Island/Models/Boat.fbx using Guid(207737a4c1edb4b45be34869124f04ef) Importer(2089858483,192608db42251d675da83286b1cce702) (ScriptedImporter) -> (artifact id: '916ee8e49e5b8b70657fa47638612480') in 0.0314291 seconds
Number of updated asset objects reloaded before import = 0Number of asset objects unloaded after import = 14

========================================================================
Received Import Request.
  Time since last request: 0.000033 seconds.
  path: Assets/PolyAngel-Mini Pirates Island/Models/Ship(Black)02.fbx
  artifactKey: Guid(8d6dbd87dab5940518b725ad5a336c9c) Importer(2089858483,192608db42251d675da83286b1cce702)
Start importing Assets/PolyAngel-Mini Pirates Island/Models/Ship(Black)02.fbx using Guid(8d6dbd87dab5940518b725ad5a336c9c) Importer(2089858483,192608db42251d675da83286b1cce702) (ScriptedImporter) -> (artifact id: 'c5522e5d08d16af2e1d89068b7bd377c') in 0.0300674 seconds
Number of updated asset objects reloaded before import = 0Number of asset objects unloaded after import = 7

========================================================================
Received Import Request.
  Time since last request: 0.000035 seconds.
  path: Assets/SPUC/SP Units/Common Units/Enable-Disable.asset
  artifactKey: Guid(a3b4ea03fdd8d06488d782345ef2130b) Importer(2089858483,192608db42251d675da83286b1cce702)
Start importing Assets/SPUC/SP Units/Common Units/Enable-Disable.asset using Guid(a3b4ea03fdd8d06488d782345ef2130b) Importer(2089858483,192608db42251d675da83286b1cce702) (ScriptedImporter) -> (artifact id: '138f60204f5f4eb52faa1d4d5c45d5b5') in 0.0446926 seconds
Number of updated asset objects reloaded before import = 0Number of asset objects unloaded after import = 1

========================================================================
Received Import Request.
  Time since last request: 0.000055 seconds.
  path: Assets/PolyAngel-Mini Pirates Island/Models/Ship(Blue)01.fbx
  artifactKey: Guid(b97aeadf081a7407292b1d0a567f576a) Importer(2089858483,192608db42251d675da83286b1cce702)
Start importing Assets/PolyAngel-Mini Pirates Island/Models/Ship(Blue)01.fbx using Guid(b97aeadf081a7407292b1d0a567f576a) Importer(2089858483,192608db42251d675da83286b1cce702) (ScriptedImporter) -> (artifact id: '23d363be2f23b831ec748cd4d840428b') in 0.0346888 seconds
Number of updated asset objects reloaded before import = 0Number of asset objects unloaded after import = 7

========================================================================
Received Import Request.
  Time since last request: 0.000041 seconds.
  path: Assets/PolyAngel-Mini Pirates Island/Models/Treasure chest 1.fbx
  artifactKey: Guid(e00f8f6d400624c0c8e44dc7fc8b4c2e) Importer(2089858483,192608db42251d675da83286b1cce702)
Start importing Assets/PolyAngel-Mini Pirates Island/Models/Treasure chest 1.fbx using Guid(e00f8f6d400624c0c8e44dc7fc8b4c2e) Importer(2089858483,192608db42251d675da83286b1cce702) (ScriptedImporter) -> (artifact id: 'f7de271443464cb2d1ce7d1ae3aefa06') in 0.0468563 seconds
Number of updated asset objects reloaded before import = 0Number of asset objects unloaded after import = 14

========================================================================
Received Import Request.
  Time since last request: 0.000021 seconds.
  path: Assets/PolyAngel-Mini Pirates Island/Models/Ship(Whiite)03.fbx
  artifactKey: Guid(11589e0a48be84b339bf205f1dcf9714) Importer(2089858483,192608db42251d675da83286b1cce702)
Start importing Assets/PolyAngel-Mini Pirates Island/Models/Ship(Whiite)03.fbx using Guid(11589e0a48be84b339bf205f1dcf9714) Importer(2089858483,192608db42251d675da83286b1cce702) (ScriptedImporter) -> (artifact id: 'aa93ef3c2eda6e5eb0eaca10d96a4988') in 0.0270101 seconds
Number of updated asset objects reloaded before import = 0Number of asset objects unloaded after import = 7

========================================================================
Received Import Request.
  Time since last request: 0.000018 seconds.
  path: Assets/FBX Kenney - Mini Dungeon/Animations/idle_out.anim
  artifactKey: Guid(64892d2f83c79a44eab7cf34b7c00d28) Importer(2089858483,192608db42251d675da83286b1cce702)
Start importing Assets/FBX Kenney - Mini Dungeon/Animations/idle_out.anim using Guid(64892d2f83c79a44eab7cf34b7c00d28) Importer(2089858483,192608db42251d675da83286b1cce702) (ScriptedImporter) -> (artifact id: 'e3907d386377d0804c38d9a86ae64ccd') in 0.0345314 seconds
Number of updated asset objects reloaded before import = 0Number of asset objects unloaded after import = 1

========================================================================
Received Import Request.
  Time since last request: 0.000060 seconds.
  path: Assets/FBX Kenney - Mini Dungeon/gate.fbx
  artifactKey: Guid(d989d6ae42444c347859aab35a6c1d00) Importer(2089858483,192608db42251d675da83286b1cce702)
Start importing Assets/FBX Kenney - Mini Dungeon/gate.fbx using Guid(d989d6ae42444c347859aab35a6c1d00) Importer(2089858483,192608db42251d675da83286b1cce702) (ScriptedImporter) -> (artifact id: '9d99582ad39e7f52a9be49ef14bd40d4') in 0.0456723 seconds
Number of updated asset objects reloaded before import = 0Number of asset objects unloaded after import = 12

========================================================================
Received Import Request.
  Time since last request: 0.000043 seconds.
  path: Assets/SFX/footstep04.ogg
  artifactKey: Guid(21afb020e8373964985f7f9da9e04f89) Importer(2089858483,192608db42251d675da83286b1cce702)
Start importing Assets/SFX/footstep04.ogg using Guid(21afb020e8373964985f7f9da9e04f89) Importer(2089858483,192608db42251d675da83286b1cce702) (ScriptedImporter) -> (artifact id: 'd6859b808510c2ac5a9f3039e9ca5c97') in 0.0480133 seconds
Number of updated asset objects reloaded before import = 0Number of asset objects unloaded after import = 1

Editor requested this worker to shutdown with reason: Scaling down because of idle timeout
AssetImportWorker is now disconnected from the server
Process exiting
Exiting without the bug reporter. Application will terminate with return code 0